<?xml version="1.0" encoding="UTF-8"?>
<testng-results skipped="0" failed="0" ignored="0" total="1" passed="1">
  <reporter-output>
  </reporter-output>
  <suite name="Default suite" duration-ms="41898" started-at="2020-08-25T15:51:52Z" finished-at="2020-08-25T15:52:34Z">
    <groups>
    </groups>
    <test name="Default test" duration-ms="41898" started-at="2020-08-25T15:51:52Z" finished-at="2020-08-25T15:52:34Z">
      <class name="IosTest">
        <test-method status="PASS" signature="setUp()[pri:0, instance:IosTest@13acb0d1]" name="setUp" is-config="true" duration-ms="30518" started-at="2020-08-25T15:51:52Z" finished-at="2020-08-25T15:52:23Z">
          <reporter-output>
          </reporter-output>
        </test-method> <!-- setUp -->
        <test-method status="PASS" signature="f()[pri:0, instance:IosTest@13acb0d1]" name="f" duration-ms="10174" started-at="2020-08-25T15:52:23Z" finished-at="2020-08-25T15:52:33Z">
          <reporter-output>
          </reporter-output>
        </test-method> <!-- f -->
        <test-method status="PASS" signature="close()[pri:0, instance:IosTest@13acb0d1]" name="close" is-config="true" duration-ms="1159" started-at="2020-08-25T15:52:33Z" finished-at="2020-08-25T15:52:34Z">
          <reporter-output>
          </reporter-output>
        </test-method> <!-- close -->
      </class> <!-- IosTest -->
    </test> <!-- Default test -->
  </suite> <!-- Default suite -->
</testng-results>
